<?xml version="1.0" encoding="UTF-8"?>
<!-- Generated by org.testng.reporters.JUnitReportReporter -->
<testsuite hostname="Lenovo-PC" name="com.application.scripts.TC01" tests="1" failures="0" timestamp="1 Jul 2017 03:17:12 GMT" time="47.558" errors="0">
  <testcase name="testTC01" time="47.558" classname="com.application.scripts.TC01"/>
</testsuite> <!-- com.application.scripts.TC01 -->
